<?xml version="1.0" encoding="UTF-8"?>
<!-- Generated by org.testng.reporters.JUnitXMLReporter -->
<testsuite hostname="MC0Y6RJC" ignored="0" name="Default test" tests="4" failures="0" timestamp="19 Dec 2017 12:36:21 GMT" time="32.239" errors="0">
  <testcase name="login" time="3.756" classname="com.assignment4rth.ShoppingNG"/>
  <testcase name="selectDress" time="9.178" classname="com.assignment4rth.ShoppingNG"/>
  <testcase name="addToCart" time="4.309" classname="com.assignment4rth.ShoppingNG"/>
  <testcase name="goToAddress" time="2.362" classname="com.assignment4rth.ShoppingNG"/>
</testsuite> <!-- Default test -->
